# JRE version: Java(TM) SE Runtime Environment (8.0_261-b12) (build 1.8.0_261-b12)
# Java VM: Java HotSpot(TM) 64-Bit Server VM (25.261-b12 mixed mode windows-amd64 compressed oops)
Heap:
 PSYoungGen      total 73728K, used 15252K [0x000000076e100000, 0x0000000777100000, 0x00000007c0000000)
  eden space 63488K, 24% used [0x000000076e100000,0x000000076efe53b8,0x0000000771f00000)
  from space 10240K, 0% used [0x0000000772900000,0x0000000772900000,0x0000000773300000)
  to   space 10240K, 0% used [0x0000000771f00000,0x0000000771f00000,0x0000000772900000)
 ParOldGen       total 99840K, used 10505K [0x00000006ca200000, 0x00000006d0380000, 0x000000076e100000)
  object space 99840K, 10% used [0x00000006ca200000,0x00000006cac426c0,0x00000006d0380000)
 Metaspace       used 21739K, capacity 23196K, committed 23424K, reserved 1069056K
  class space    used 3097K, capacity 3375K, committed 3456K, reserved 1048576K
GC Heap History (6 events):
Event: 1.802 GC heap before
{Heap before GC invocations=1 (full 0):
 PSYoungGen      total 73728K, used 63488K [0x000000076e100000, 0x0000000773300000, 0x00000007c0000000)
  eden space 63488K, 100% used [0x000000076e100000,0x0000000771f00000,0x0000000771f00000)
  from space 10240K, 0% used [0x0000000772900000,0x0000000772900000,0x0000000773300000)
  to   space 10240K, 0% used [0x0000000771f00000,0x0000000771f00000,0x0000000772900000)
 ParOldGen       total 167936K, used 0K [0x00000006ca200000, 0x00000006d4600000, 0x000000076e100000)
  object space 167936K, 0% used [0x00000006ca200000,0x00000006ca200000,0x00000006d4600000)
 Metaspace       used 19662K, capacity 20916K, committed 21120K, reserved 1067008K
  class space    used 2892K, capacity 3133K, committed 3200K, reserved 1048576K
Event: 1.811 GC heap after
Heap after GC invocations=1 (full 0):
 PSYoungGen      total 73728K, used 9484K [0x000000076e100000, 0x0000000773300000, 0x00000007c0000000)
  eden space 63488K, 0% used [0x000000076e100000,0x000000076e100000,0x0000000771f00000)
  from space 10240K, 92% used [0x0000000771f00000,0x0000000772843000,0x0000000772900000)
  to   space 10240K, 0% used [0x0000000772900000,0x0000000772900000,0x0000000773300000)
 ParOldGen       total 167936K, used 107K [0x00000006ca200000, 0x00000006d4600000, 0x000000076e100000)
  object space 167936K, 0% used [0x00000006ca200000,0x00000006ca21ac40,0x00000006d4600000)
 Metaspace       used 19662K, capacity 20916K, committed 21120K, reserved 1067008K
  class space    used 2892K, capacity 3133K, committed 3200K, reserved 1048576K
}
Event: 1.966 GC heap before
{Heap before GC invocations=2 (full 0):
 PSYoungGen      total 73728K, used 15589K [0x000000076e100000, 0x0000000773300000, 0x00000007c0000000)
  eden space 63488K, 9% used [0x000000076e100000,0x000000076e6f65b8,0x0000000771f00000)
  from space 10240K, 92% used [0x0000000771f00000,0x0000000772843000,0x0000000772900000)
  to   space 10240K, 0% used [0x0000000772900000,0x0000000772900000,0x0000000773300000)
 ParOldGen       total 167936K, used 107K [0x00000006ca200000, 0x00000006d4600000, 0x000000076e100000)
  object space 167936K, 0% used [0x00000006ca200000,0x00000006ca21ac40,0x00000006d4600000)
 Metaspace       used 20006K, capacity 21236K, committed 21296K, reserved 1067008K
  class space    used 2916K, capacity 3173K, committed 3200K, reserved 1048576K
Event: 1.975 GC heap after
Heap after GC invocations=2 (full 0):
 PSYoungGen      total 73728K, used 10222K [0x000000076e100000, 0x0000000777100000, 0x00000007c0000000)
  eden space 63488K, 0% used [0x000000076e100000,0x000000076e100000,0x0000000771f00000)
  from space 10240K, 99% used [0x0000000772900000,0x00000007732fb990,0x0000000773300000)
  to   space 10240K, 0% used [0x0000000771f00000,0x0000000771f00000,0x0000000772900000)
 ParOldGen       total 167936K, used 455K [0x00000006ca200000, 0x00000006d4600000, 0x000000076e100000)
  object space 167936K, 0% used [0x00000006ca200000,0x00000006ca271d80,0x00000006d4600000)
 Metaspace       used 20006K, capacity 21236K, committed 21296K, reserved 1067008K
  class space    used 2916K, capacity 3173K, committed 3200K, reserved 1048576K
}
Event: 1.975 GC heap before
{Heap before GC invocations=3 (full 1):
 PSYoungGen      total 73728K, used 10222K [0x000000076e100000, 0x0000000777100000, 0x00000007c0000000)
  eden space 63488K, 0% used [0x000000076e100000,0x000000076e100000,0x0000000771f00000)
  from space 10240K, 99% used [0x0000000772900000,0x00000007732fb990,0x0000000773300000)
  to   space 10240K, 0% used [0x0000000771f00000,0x0000000771f00000,0x0000000772900000)
 ParOldGen       total 167936K, used 455K [0x00000006ca200000, 0x00000006d4600000, 0x000000076e100000)
  object space 167936K, 0% used [0x00000006ca200000,0x00000006ca271d80,0x00000006d4600000)
 Metaspace       used 20006K, capacity 21236K, committed 21296K, reserved 1067008K
  class space    used 2916K, capacity 3173K, committed 3200K, reserved 1048576K
Event: 2.008 GC heap after
Heap after GC invocations=3 (full 1):
 PSYoungGen      total 73728K, used 0K [0x000000076e100000, 0x0000000777100000, 0x00000007c0000000)
  eden space 63488K, 0% used [0x000000076e100000,0x000000076e100000,0x0000000771f00000)
  from space 10240K, 0% used [0x0000000772900000,0x0000000772900000,0x0000000773300000)
  to   space 10240K, 0% used [0x0000000771f00000,0x0000000771f00000,0x0000000772900000)
 ParOldGen       total 99840K, used 10505K [0x00000006ca200000, 0x00000006d0380000, 0x000000076e100000)
  object space 99840K, 10% used [0x00000006ca200000,0x00000006cac426c0,0x00000006d0380000)
 Metaspace       used 20006K, capacity 21236K, committed 21296K, reserved 1067008K
  class space    used 2916K, capacity 3173K, committed 3200K, reserved 1048576K
}

